<?xml version="1.0" encoding="UTF-8"?>
<!-- Generated by org.testng.reporters.JUnitReportReporter -->
<testsuite hostname="VincentField" failures="0" tests="6" name="api.test.DDTests" time="8.658" errors="0" timestamp="2024-04-25T15:46:03 BRT" skipped="0">
  <testcase classname="api.test.DDTests" name="testPostuser" time="1.100"/>
  <testcase classname="api.test.DDTests" name="testPostuser" time="3.098"/>
  <testcase classname="api.test.DDTests" name="testPostuser" time="1.074"/>
  <testcase classname="api.test.DDTests" name="testDeleteUserByName" time="1.143"/>
  <testcase classname="api.test.DDTests" name="testDeleteUserByName" time="1.143"/>
  <testcase classname="api.test.DDTests" name="testDeleteUserByName" time="1.100"/>
</testsuite> <!-- api.test.DDTests -->
