<?xml version="1.0" encoding="UTF-8"?>
<!-- Generated by org.testng.reporters.JUnitReportReporter -->
<testsuite hostname="VincentField" failures="0" tests="4" name="api.test.UserTests" time="4.937" errors="0" timestamp="2024-04-26T14:51:07 BRT" skipped="0">
  <testcase classname="api.test.UserTests" name="testPostUser" time="1.104"/>
  <testcase classname="api.test.UserTests" name="testGetUserByName" time="1.028"/>
  <testcase classname="api.test.UserTests" name="testDeleteUser" time="0.872"/>
  <testcase classname="api.test.UserTests" name="testUpdateUser" time="1.933"/>
</testsuite> <!-- api.test.UserTests -->
