<?xml version="1.0" encoding="UTF-8"?>
<!-- Generated by org.testng.reporters.JUnitReportReporter -->
<testsuite hostname="VincentField" failures="0" tests="6" name="api.test.DDTests" time="7.186" errors="0" timestamp="2024-04-26T14:51:07 BRT" skipped="0">
  <testcase classname="api.test.DDTests" name="testPostuser" time="0.874"/>
  <testcase classname="api.test.DDTests" name="testPostuser" time="0.902"/>
  <testcase classname="api.test.DDTests" name="testPostuser" time="2.716"/>
  <testcase classname="api.test.DDTests" name="testDeleteUserByName" time="0.911"/>
  <testcase classname="api.test.DDTests" name="testDeleteUserByName" time="0.896"/>
  <testcase classname="api.test.DDTests" name="testDeleteUserByName" time="0.887"/>
</testsuite> <!-- api.test.DDTests -->
